Loading TRT_2019_05-10.pkl...
Loading TRT_2020_05-10.pkl...
Loading TRT_2021_05-10.pkl...
Loading TRT_2022_05-10.pkl...
Loading TRT_2023_05-10.pkl...
Number of rows after time filtering: 297918
Number of rows after traj_ID filtering: 18625
⚠️ NPZ file not found: /scratch/mch/maregger/hailclass/convective_wind/full_composite_npz/20190706125500_conv_wind_composite_data.npz
Error processing 2020-06-25 23:35:00+00:00: [Errno 13] Permission denied: '/scratch/mch/maregger/hailclass/convective_wind/full_composite_npz/20200625233500_conv_wind_composite_data.npz'
Error processing 2020-06-25 23:40:00+00:00: [Errno 13] Permission denied: '/scratch/mch/maregger/hailclass/convective_wind/full_composite_npz/20200625234000_conv_wind_composite_data.npz'
Error processing 2020-06-25 23:45:00+00:00: [Errno 13] Permission denied: '/scratch/mch/maregger/hailclass/convective_wind/full_composite_npz/20200625234500_conv_wind_composite_data.npz'
Error processing 2021-06-28 18:35:00+00:00: [Errno 13] Permission denied: '/scratch/mch/maregger/hailclass/convective_wind/full_composite_npz/20210628183500_conv_wind_composite_data.npz'
Error processing 2021-06-29 11:05:00+00:00: [Errno 13] Permission denied: '/scratch/mch/maregger/hailclass/convective_wind/full_composite_npz/20210629110500_conv_wind_composite_data.npz'
Error processing 2021-06-29 11:10:00+00:00: [Errno 13] Permission denied: '/scratch/mch/maregger/hailclass/convective_wind/full_composite_npz/20210629111000_conv_wind_composite_data.npz'
Error processing 2021-06-29 11:15:00+00:00: [Errno 13] Permission denied: '/scratch/mch/maregger/hailclass/convective_wind/full_composite_npz/20210629111500_conv_wind_composite_data.npz'
Error processing 2021-06-29 11:20:00+00:00: [Errno 13] Permission denied: '/scratch/mch/maregger/hailclass/convective_wind/full_composite_npz/20210629112000_conv_wind_composite_data.npz'
Error processing 2021-06-29 11:25:00+00:00: [Errno 13] Permission denied: '/scratch/mch/maregger/hailclass/convective_wind/full_composite_npz/20210629112500_conv_wind_composite_data.npz'
Error processing 2021-06-29 11:30:00+00:00: [Errno 13] Permission denied: '/scratch/mch/maregger/hailclass/convective_wind/full_composite_npz/20210629113000_conv_wind_composite_data.npz'
Error processing 2021-06-29 11:35:00+00:00: [Errno 13] Permission denied: '/scratch/mch/maregger/hailclass/convective_wind/full_composite_npz/20210629113500_conv_wind_composite_data.npz'
Error processing 2021-06-29 11:40:00+00:00: [Errno 13] Permission denied: '/scratch/mch/maregger/hailclass/convective_wind/full_composite_npz/20210629114000_conv_wind_composite_data.npz'
Error processing 2021-06-29 11:45:00+00:00: [Errno 13] Permission denied: '/scratch/mch/maregger/hailclass/convective_wind/full_composite_npz/20210629114500_conv_wind_composite_data.npz'
Error processing 2021-06-29 11:50:00+00:00: [Errno 13] Permission denied: '/scratch/mch/maregger/hailclass/convective_wind/full_composite_npz/20210629115000_conv_wind_composite_data.npz'
Error processing 2021-06-29 11:55:00+00:00: [Errno 13] Permission denied: '/scratch/mch/maregger/hailclass/convective_wind/full_composite_npz/20210629115500_conv_wind_composite_data.npz'
Error processing 2021-06-29 12:00:00+00:00: [Errno 13] Permission denied: '/scratch/mch/maregger/hailclass/convective_wind/full_composite_npz/20210629120000_conv_wind_composite_data.npz'
Error processing 2022-06-03 15:20:00+00:00: [Errno 13] Permission denied: '/scratch/mch/maregger/hailclass/convective_wind/full_composite_npz/20220603152000_conv_wind_composite_data.npz'
Error processing 2022-06-03 15:25:00+00:00: [Errno 13] Permission denied: '/scratch/mch/maregger/hailclass/convective_wind/full_composite_npz/20220603152500_conv_wind_composite_data.npz'
Error processing 2022-06-03 15:30:00+00:00: [Errno 13] Permission denied: '/scratch/mch/maregger/hailclass/convective_wind/full_composite_npz/20220603153000_conv_wind_composite_data.npz'
Error processing 2022-06-03 15:35:00+00:00: [Errno 13] Permission denied: '/scratch/mch/maregger/hailclass/convective_wind/full_composite_npz/20220603153500_conv_wind_composite_data.npz'
Error processing 2022-06-03 15:40:00+00:00: [Errno 13] Permission denied: '/scratch/mch/maregger/hailclass/convective_wind/full_composite_npz/20220603154000_conv_wind_composite_data.npz'
Error processing 2022-06-04 00:45:00+00:00: [Errno 13] Permission denied: '/scratch/mch/maregger/hailclass/convective_wind/full_composite_npz/20220604004500_conv_wind_composite_data.npz'
Error processing 2022-06-04 00:50:00+00:00: [Errno 13] Permission denied: '/scratch/mch/maregger/hailclass/convective_wind/full_composite_npz/20220604005000_conv_wind_composite_data.npz'
Error processing 2022-06-04 00:55:00+00:00: [Errno 13] Permission denied: '/scratch/mch/maregger/hailclass/convective_wind/full_composite_npz/20220604005500_conv_wind_composite_data.npz'
Error processing 2022-06-04 01:00:00+00:00: [Errno 13] Permission denied: '/scratch/mch/maregger/hailclass/convective_wind/full_composite_npz/20220604010000_conv_wind_composite_data.npz'
Error processing 2022-06-04 01:05:00+00:00: [Errno 13] Permission denied: '/scratch/mch/maregger/hailclass/convective_wind/full_composite_npz/20220604010500_conv_wind_composite_data.npz'
Error processing 2022-06-04 01:10:00+00:00: [Errno 13] Permission denied: '/scratch/mch/maregger/hailclass/convective_wind/full_composite_npz/20220604011000_conv_wind_composite_data.npz'
Error processing 2022-06-04 01:15:00+00:00: [Errno 13] Permission denied: '/scratch/mch/maregger/hailclass/convective_wind/full_composite_npz/20220604011500_conv_wind_composite_data.npz'
Error processing 2022-06-04 01:55:00+00:00: [Errno 13] Permission denied: '/scratch/mch/maregger/hailclass/convective_wind/full_composite_npz/20220604015500_conv_wind_composite_data.npz'
Error processing 2022-06-04 02:00:00+00:00: [Errno 13] Permission denied: '/scratch/mch/maregger/hailclass/convective_wind/full_composite_npz/20220604020000_conv_wind_composite_data.npz'
Error processing 2022-06-04 02:05:00+00:00: [Errno 13] Permission denied: '/scratch/mch/maregger/hailclass/convective_wind/full_composite_npz/20220604020500_conv_wind_composite_data.npz'
Error processing 2022-06-07 19:20:00+00:00: [Errno 13] Permission denied: '/scratch/mch/maregger/hailclass/convective_wind/full_composite_npz/20220607192000_conv_wind_composite_data.npz'
Error processing 2022-06-07 19:25:00+00:00: [Errno 13] Permission denied: '/scratch/mch/maregger/hailclass/convective_wind/full_composite_npz/20220607192500_conv_wind_composite_data.npz'
Error processing 2022-06-07 19:30:00+00:00: [Errno 13] Permission denied: '/scratch/mch/maregger/hailclass/convective_wind/full_composite_npz/20220607193000_conv_wind_composite_data.npz'
Error processing 2022-06-07 19:35:00+00:00: [Errno 13] Permission denied: '/scratch/mch/maregger/hailclass/convective_wind/full_composite_npz/20220607193500_conv_wind_composite_data.npz'
Error processing 2022-06-07 19:40:00+00:00: [Errno 13] Permission denied: '/scratch/mch/maregger/hailclass/convective_wind/full_composite_npz/20220607194000_conv_wind_composite_data.npz'
Error processing 2022-06-07 19:45:00+00:00: [Errno 13] Permission denied: '/scratch/mch/maregger/hailclass/convective_wind/full_composite_npz/20220607194500_conv_wind_composite_data.npz'
Error processing 2022-06-08 14:05:00+00:00: [Errno 13] Permission denied: '/scratch/mch/maregger/hailclass/convective_wind/full_composite_npz/20220608140500_conv_wind_composite_data.npz'
Error processing 2022-06-08 14:10:00+00:00: [Errno 13] Permission denied: '/scratch/mch/maregger/hailclass/convective_wind/full_composite_npz/20220608141000_conv_wind_composite_data.npz'
Error processing 2022-06-08 14:15:00+00:00: [Errno 13] Permission denied: '/scratch/mch/maregger/hailclass/convective_wind/full_composite_npz/20220608141500_conv_wind_composite_data.npz'
Error processing 2022-06-08 14:20:00+00:00: [Errno 13] Permission denied: '/scratch/mch/maregger/hailclass/convective_wind/full_composite_npz/20220608142000_conv_wind_composite_data.npz'
Error processing 2022-06-08 14:25:00+00:00: [Errno 13] Permission denied: '/scratch/mch/maregger/hailclass/convective_wind/full_composite_npz/20220608142500_conv_wind_composite_data.npz'
Error processing 2022-06-08 14:30:00+00:00: [Errno 13] Permission denied: '/scratch/mch/maregger/hailclass/convective_wind/full_composite_npz/20220608143000_conv_wind_composite_data.npz'
Error processing 2022-06-08 14:35:00+00:00: [Errno 13] Permission denied: '/scratch/mch/maregger/hailclass/convective_wind/full_composite_npz/20220608143500_conv_wind_composite_data.npz'
Error processing 2022-06-08 14:40:00+00:00: [Errno 13] Permission denied: '/scratch/mch/maregger/hailclass/convective_wind/full_composite_npz/20220608144000_conv_wind_composite_data.npz'
Error processing 2022-06-08 14:45:00+00:00: [Errno 13] Permission denied: '/scratch/mch/maregger/hailclass/convective_wind/full_composite_npz/20220608144500_conv_wind_composite_data.npz'
Error processing 2022-06-08 14:50:00+00:00: [Errno 13] Permission denied: '/scratch/mch/maregger/hailclass/convective_wind/full_composite_npz/20220608145000_conv_wind_composite_data.npz'
Error processing 2022-06-08 17:10:00+00:00: [Errno 13] Permission denied: '/scratch/mch/maregger/hailclass/convective_wind/full_composite_npz/20220608171000_conv_wind_composite_data.npz'
Error processing 2022-06-08 17:15:00+00:00: [Errno 13] Permission denied: '/scratch/mch/maregger/hailclass/convective_wind/full_composite_npz/20220608171500_conv_wind_composite_data.npz'
Error processing 2022-06-08 17:20:00+00:00: [Errno 13] Permission denied: '/scratch/mch/maregger/hailclass/convective_wind/full_composite_npz/20220608172000_conv_wind_composite_data.npz'
Error processing 2022-06-08 17:25:00+00:00: [Errno 13] Permission denied: '/scratch/mch/maregger/hailclass/convective_wind/full_composite_npz/20220608172500_conv_wind_composite_data.npz'
Error processing 2022-06-08 17:30:00+00:00: [Errno 13] Permission denied: '/scratch/mch/maregger/hailclass/convective_wind/full_composite_npz/20220608173000_conv_wind_composite_data.npz'
Error processing 2022-06-08 17:35:00+00:00: [Errno 13] Permission denied: '/scratch/mch/maregger/hailclass/convective_wind/full_composite_npz/20220608173500_conv_wind_composite_data.npz'
Error processing 2022-06-08 17:40:00+00:00: [Errno 13] Permission denied: '/scratch/mch/maregger/hailclass/convective_wind/full_composite_npz/20220608174000_conv_wind_composite_data.npz'
Error processing 2022-06-08 21:15:00+00:00: [Errno 13] Permission denied: '/scratch/mch/maregger/hailclass/convective_wind/full_composite_npz/20220608211500_conv_wind_composite_data.npz'
Error processing 2022-06-08 21:20:00+00:00: [Errno 13] Permission denied: '/scratch/mch/maregger/hailclass/convective_wind/full_composite_npz/20220608212000_conv_wind_composite_data.npz'
Error processing 2022-06-08 21:25:00+00:00: [Errno 13] Permission denied: '/scratch/mch/maregger/hailclass/convective_wind/full_composite_npz/20220608212500_conv_wind_composite_data.npz'
Error processing 2022-06-08 21:30:00+00:00: [Errno 13] Permission denied: '/scratch/mch/maregger/hailclass/convective_wind/full_composite_npz/20220608213000_conv_wind_composite_data.npz'
Error processing 2022-06-08 21:35:00+00:00: [Errno 13] Permission denied: '/scratch/mch/maregger/hailclass/convective_wind/full_composite_npz/20220608213500_conv_wind_composite_data.npz'
Error processing 2022-06-08 21:40:00+00:00: [Errno 13] Permission denied: '/scratch/mch/maregger/hailclass/convective_wind/full_composite_npz/20220608214000_conv_wind_composite_data.npz'
Error processing 2022-06-08 21:45:00+00:00: [Errno 13] Permission denied: '/scratch/mch/maregger/hailclass/convective_wind/full_composite_npz/20220608214500_conv_wind_composite_data.npz'
Error processing 2022-06-09 04:35:00+00:00: [Errno 13] Permission denied: '/scratch/mch/maregger/hailclass/convective_wind/full_composite_npz/20220609043500_conv_wind_composite_data.npz'
Error processing 2022-06-09 05:35:00+00:00: [Errno 13] Permission denied: '/scratch/mch/maregger/hailclass/convective_wind/full_composite_npz/20220609053500_conv_wind_composite_data.npz'
Error processing 2022-06-09 05:40:00+00:00: [Errno 13] Permission denied: '/scratch/mch/maregger/hailclass/convective_wind/full_composite_npz/20220609054000_conv_wind_composite_data.npz'
Error processing 2022-06-09 08:10:00+00:00: [Errno 13] Permission denied: '/scratch/mch/maregger/hailclass/convective_wind/full_composite_npz/20220609081000_conv_wind_composite_data.npz'
Error processing 2022-06-09 08:15:00+00:00: [Errno 13] Permission denied: '/scratch/mch/maregger/hailclass/convective_wind/full_composite_npz/20220609081500_conv_wind_composite_data.npz'
⚠️ NPZ file not found: /scratch/mch/maregger/hailclass/convective_wind/full_composite_npz/20220616070000_conv_wind_composite_data.npz
Error processing 2022-06-23 17:25:00+00:00: [Errno 13] Permission denied: '/scratch/mch/maregger/hailclass/convective_wind/full_composite_npz/20220623172500_conv_wind_composite_data.npz'
Error processing 2022-06-30 17:50:00+00:00: [Errno 13] Permission denied: '/scratch/mch/maregger/hailclass/convective_wind/full_composite_npz/20220630175000_conv_wind_composite_data.npz'
Error processing 2022-07-20 06:35:00+00:00: [Errno 13] Permission denied: '/scratch/mch/maregger/hailclass/convective_wind/full_composite_npz/20220720063500_conv_wind_composite_data.npz'
Error processing 2022-07-20 06:40:00+00:00: [Errno 13] Permission denied: '/scratch/mch/maregger/hailclass/convective_wind/full_composite_npz/20220720064000_conv_wind_composite_data.npz'
Error processing 2022-07-20 08:55:00+00:00: [Errno 13] Permission denied: '/scratch/mch/maregger/hailclass/convective_wind/full_composite_npz/20220720085500_conv_wind_composite_data.npz'
Error processing 2022-08-12 19:55:00+00:00: [Errno 13] Permission denied: '/scratch/mch/maregger/hailclass/convective_wind/full_composite_npz/20220812195500_conv_wind_composite_data.npz'
Error processing 2022-08-12 20:00:00+00:00: [Errno 13] Permission denied: '/scratch/mch/maregger/hailclass/convective_wind/full_composite_npz/20220812200000_conv_wind_composite_data.npz'
Error processing 2022-08-12 20:05:00+00:00: [Errno 13] Permission denied: '/scratch/mch/maregger/hailclass/convective_wind/full_composite_npz/20220812200500_conv_wind_composite_data.npz'
Error processing 2022-08-12 20:10:00+00:00: [Errno 13] Permission denied: '/scratch/mch/maregger/hailclass/convective_wind/full_composite_npz/20220812201000_conv_wind_composite_data.npz'
Error processing 2022-08-26 06:50:00+00:00: [Errno 13] Permission denied: '/scratch/mch/maregger/hailclass/convective_wind/full_composite_npz/20220826065000_conv_wind_composite_data.npz'
Error processing 2022-08-26 06:55:00+00:00: [Errno 13] Permission denied: '/scratch/mch/maregger/hailclass/convective_wind/full_composite_npz/20220826065500_conv_wind_composite_data.npz'
Error processing 2022-08-26 07:00:00+00:00: [Errno 13] Permission denied: '/scratch/mch/maregger/hailclass/convective_wind/full_composite_npz/20220826070000_conv_wind_composite_data.npz'
Error processing 2022-08-26 07:05:00+00:00: [Errno 13] Permission denied: '/scratch/mch/maregger/hailclass/convective_wind/full_composite_npz/20220826070500_conv_wind_composite_data.npz'
Error processing 2022-08-26 07:10:00+00:00: [Errno 13] Permission denied: '/scratch/mch/maregger/hailclass/convective_wind/full_composite_npz/20220826071000_conv_wind_composite_data.npz'
Error processing 2022-08-26 07:15:00+00:00: [Errno 13] Permission denied: '/scratch/mch/maregger/hailclass/convective_wind/full_composite_npz/20220826071500_conv_wind_composite_data.npz'
Error processing 2022-08-26 13:55:00+00:00: [Errno 13] Permission denied: '/scratch/mch/maregger/hailclass/convective_wind/full_composite_npz/20220826135500_conv_wind_composite_data.npz'
Error processing 2022-08-26 14:00:00+00:00: [Errno 13] Permission denied: '/scratch/mch/maregger/hailclass/convective_wind/full_composite_npz/20220826140000_conv_wind_composite_data.npz'
Error processing 2022-08-26 14:55:00+00:00: [Errno 13] Permission denied: '/scratch/mch/maregger/hailclass/convective_wind/full_composite_npz/20220826145500_conv_wind_composite_data.npz'
Error processing 2022-08-26 15:00:00+00:00: [Errno 13] Permission denied: '/scratch/mch/maregger/hailclass/convective_wind/full_composite_npz/20220826150000_conv_wind_composite_data.npz'
Error processing 2022-08-26 15:05:00+00:00: [Errno 13] Permission denied: '/scratch/mch/maregger/hailclass/convective_wind/full_composite_npz/20220826150500_conv_wind_composite_data.npz'
Error processing 2022-08-26 15:10:00+00:00: [Errno 13] Permission denied: '/scratch/mch/maregger/hailclass/convective_wind/full_composite_npz/20220826151000_conv_wind_composite_data.npz'
Error processing 2022-08-26 15:15:00+00:00: [Errno 13] Permission denied: '/scratch/mch/maregger/hailclass/convective_wind/full_composite_npz/20220826151500_conv_wind_composite_data.npz'
Error processing 2022-08-26 15:20:00+00:00: [Errno 13] Permission denied: '/scratch/mch/maregger/hailclass/convective_wind/full_composite_npz/20220826152000_conv_wind_composite_data.npz'
Error processing 2022-08-26 15:25:00+00:00: [Errno 13] Permission denied: '/scratch/mch/maregger/hailclass/convective_wind/full_composite_npz/20220826152500_conv_wind_composite_data.npz'
Error processing 2022-08-26 15:30:00+00:00: [Errno 13] Permission denied: '/scratch/mch/maregger/hailclass/convective_wind/full_composite_npz/20220826153000_conv_wind_composite_data.npz'
Error processing 2022-08-26 15:35:00+00:00: [Errno 13] Permission denied: '/scratch/mch/maregger/hailclass/convective_wind/full_composite_npz/20220826153500_conv_wind_composite_data.npz'
Error processing 2022-08-26 15:40:00+00:00: [Errno 13] Permission denied: '/scratch/mch/maregger/hailclass/convective_wind/full_composite_npz/20220826154000_conv_wind_composite_data.npz'
Error processing 2022-08-26 15:45:00+00:00: [Errno 13] Permission denied: '/scratch/mch/maregger/hailclass/convective_wind/full_composite_npz/20220826154500_conv_wind_composite_data.npz'
Error processing 2022-08-26 15:50:00+00:00: [Errno 13] Permission denied: '/scratch/mch/maregger/hailclass/convective_wind/full_composite_npz/20220826155000_conv_wind_composite_data.npz'
Error processing 2022-08-26 15:55:00+00:00: [Errno 13] Permission denied: '/scratch/mch/maregger/hailclass/convective_wind/full_composite_npz/20220826155500_conv_wind_composite_data.npz'
Error processing 2022-08-26 16:00:00+00:00: [Errno 13] Permission denied: '/scratch/mch/maregger/hailclass/convective_wind/full_composite_npz/20220826160000_conv_wind_composite_data.npz'
Error processing 2022-08-26 16:05:00+00:00: [Errno 13] Permission denied: '/scratch/mch/maregger/hailclass/convective_wind/full_composite_npz/20220826160500_conv_wind_composite_data.npz'
Error processing 2022-08-26 16:40:00+00:00: [Errno 13] Permission denied: '/scratch/mch/maregger/hailclass/convective_wind/full_composite_npz/20220826164000_conv_wind_composite_data.npz'
Error processing 2022-08-26 16:45:00+00:00: [Errno 13] Permission denied: '/scratch/mch/maregger/hailclass/convective_wind/full_composite_npz/20220826164500_conv_wind_composite_data.npz'
Error processing 2022-08-26 16:50:00+00:00: [Errno 13] Permission denied: '/scratch/mch/maregger/hailclass/convective_wind/full_composite_npz/20220826165000_conv_wind_composite_data.npz'
Error processing 2022-08-26 16:55:00+00:00: [Errno 13] Permission denied: '/scratch/mch/maregger/hailclass/convective_wind/full_composite_npz/20220826165500_conv_wind_composite_data.npz'
Error processing 2022-08-26 17:00:00+00:00: [Errno 13] Permission denied: '/scratch/mch/maregger/hailclass/convective_wind/full_composite_npz/20220826170000_conv_wind_composite_data.npz'
Error processing 2022-08-26 17:05:00+00:00: [Errno 13] Permission denied: '/scratch/mch/maregger/hailclass/convective_wind/full_composite_npz/20220826170500_conv_wind_composite_data.npz'
Error processing 2022-08-26 17:10:00+00:00: [Errno 13] Permission denied: '/scratch/mch/maregger/hailclass/convective_wind/full_composite_npz/20220826171000_conv_wind_composite_data.npz'
Error processing 2022-08-26 17:15:00+00:00: [Errno 13] Permission denied: '/scratch/mch/maregger/hailclass/convective_wind/full_composite_npz/20220826171500_conv_wind_composite_data.npz'
Error processing 2022-08-26 17:20:00+00:00: [Errno 13] Permission denied: '/scratch/mch/maregger/hailclass/convective_wind/full_composite_npz/20220826172000_conv_wind_composite_data.npz'
Error processing 2022-08-26 18:55:00+00:00: [Errno 13] Permission denied: '/scratch/mch/maregger/hailclass/convective_wind/full_composite_npz/20220826185500_conv_wind_composite_data.npz'
Error processing 2022-08-26 19:00:00+00:00: [Errno 13] Permission denied: '/scratch/mch/maregger/hailclass/convective_wind/full_composite_npz/20220826190000_conv_wind_composite_data.npz'
Error processing 2022-08-26 19:10:00+00:00: [Errno 13] Permission denied: '/scratch/mch/maregger/hailclass/convective_wind/full_composite_npz/20220826191000_conv_wind_composite_data.npz'
Error processing 2022-08-26 19:15:00+00:00: [Errno 13] Permission denied: '/scratch/mch/maregger/hailclass/convective_wind/full_composite_npz/20220826191500_conv_wind_composite_data.npz'
Error processing 2022-08-26 19:20:00+00:00: [Errno 13] Permission denied: '/scratch/mch/maregger/hailclass/convective_wind/full_composite_npz/20220826192000_conv_wind_composite_data.npz'
Error processing 2022-08-26 19:25:00+00:00: [Errno 13] Permission denied: '/scratch/mch/maregger/hailclass/convective_wind/full_composite_npz/20220826192500_conv_wind_composite_data.npz'
Error processing 2022-08-26 19:30:00+00:00: [Errno 13] Permission denied: '/scratch/mch/maregger/hailclass/convective_wind/full_composite_npz/20220826193000_conv_wind_composite_data.npz'
Error processing 2022-08-27 05:20:00+00:00: [Errno 13] Permission denied: '/scratch/mch/maregger/hailclass/convective_wind/full_composite_npz/20220827052000_conv_wind_composite_data.npz'
Error processing 2022-08-27 05:45:00+00:00: [Errno 13] Permission denied: '/scratch/mch/maregger/hailclass/convective_wind/full_composite_npz/20220827054500_conv_wind_composite_data.npz'
⚠️ NPZ file not found: /scratch/mch/maregger/hailclass/convective_wind/full_composite_npz/20220831094000_conv_wind_composite_data.npz
⚠️ NPZ file not found: /scratch/mch/maregger/hailclass/convective_wind/full_composite_npz/20220831095500_conv_wind_composite_data.npz
⚠️ NPZ file not found: /scratch/mch/maregger/hailclass/convective_wind/full_composite_npz/20220831100000_conv_wind_composite_data.npz
Error processing 2022-09-15 12:40:00+00:00: [Errno 13] Permission denied: '/scratch/mch/maregger/hailclass/convective_wind/full_composite_npz/20220915124000_conv_wind_composite_data.npz'
Error processing 2022-09-15 12:45:00+00:00: [Errno 13] Permission denied: '/scratch/mch/maregger/hailclass/convective_wind/full_composite_npz/20220915124500_conv_wind_composite_data.npz'
Error processing 2022-09-15 12:50:00+00:00: [Errno 13] Permission denied: '/scratch/mch/maregger/hailclass/convective_wind/full_composite_npz/20220915125000_conv_wind_composite_data.npz'
Error processing 2022-09-15 12:55:00+00:00: [Errno 13] Permission denied: '/scratch/mch/maregger/hailclass/convective_wind/full_composite_npz/20220915125500_conv_wind_composite_data.npz'
Error processing 2022-09-15 13:00:00+00:00: [Errno 13] Permission denied: '/scratch/mch/maregger/hailclass/convective_wind/full_composite_npz/20220915130000_conv_wind_composite_data.npz'
Error processing 2022-09-15 13:05:00+00:00: [Errno 13] Permission denied: '/scratch/mch/maregger/hailclass/convective_wind/full_composite_npz/20220915130500_conv_wind_composite_data.npz'
Error processing 2022-09-15 13:25:00+00:00: [Errno 13] Permission denied: '/scratch/mch/maregger/hailclass/convective_wind/full_composite_npz/20220915132500_conv_wind_composite_data.npz'
Error processing 2022-09-15 13:30:00+00:00: [Errno 13] Permission denied: '/scratch/mch/maregger/hailclass/convective_wind/full_composite_npz/20220915133000_conv_wind_composite_data.npz'
Error processing 2022-10-21 17:25:00+00:00: [Errno 13] Permission denied: '/scratch/mch/maregger/hailclass/convective_wind/full_composite_npz/20221021172500_conv_wind_composite_data.npz'
Error processing 2022-10-21 17:30:00+00:00: [Errno 13] Permission denied: '/scratch/mch/maregger/hailclass/convective_wind/full_composite_npz/20221021173000_conv_wind_composite_data.npz'
Error processing 2022-10-21 17:35:00+00:00: [Errno 13] Permission denied: '/scratch/mch/maregger/hailclass/convective_wind/full_composite_npz/20221021173500_conv_wind_composite_data.npz'
Error processing 2022-10-21 17:40:00+00:00: [Errno 13] Permission denied: '/scratch/mch/maregger/hailclass/convective_wind/full_composite_npz/20221021174000_conv_wind_composite_data.npz'
⚠️ NPZ file not found: /scratch/mch/maregger/hailclass/convective_wind/full_composite_npz/20221022050000_conv_wind_composite_data.npz
⚠️ NPZ file not found: /scratch/mch/maregger/hailclass/convective_wind/full_composite_npz/20221022050500_conv_wind_composite_data.npz
Error processing 2022-10-24 14:15:00+00:00: [Errno 13] Permission denied: '/scratch/mch/maregger/hailclass/convective_wind/full_composite_npz/20221024141500_conv_wind_composite_data.npz'
Error processing 2022-10-24 14:20:00+00:00: [Errno 13] Permission denied: '/scratch/mch/maregger/hailclass/convective_wind/full_composite_npz/20221024142000_conv_wind_composite_data.npz'
Error processing 2022-10-24 14:25:00+00:00: [Errno 13] Permission denied: '/scratch/mch/maregger/hailclass/convective_wind/full_composite_npz/20221024142500_conv_wind_composite_data.npz'
Error processing 2022-10-24 14:30:00+00:00: [Errno 13] Permission denied: '/scratch/mch/maregger/hailclass/convective_wind/full_composite_npz/20221024143000_conv_wind_composite_data.npz'
Error processing 2022-10-26 06:05:00+00:00: [Errno 13] Permission denied: '/scratch/mch/maregger/hailclass/convective_wind/full_composite_npz/20221026060500_conv_wind_composite_data.npz'
Error processing 2022-10-26 06:10:00+00:00: [Errno 13] Permission denied: '/scratch/mch/maregger/hailclass/convective_wind/full_composite_npz/20221026061000_conv_wind_composite_data.npz'
Error processing 2022-10-26 06:15:00+00:00: [Errno 13] Permission denied: '/scratch/mch/maregger/hailclass/convective_wind/full_composite_npz/20221026061500_conv_wind_composite_data.npz'
Error processing 2022-10-26 06:20:00+00:00: [Errno 13] Permission denied: '/scratch/mch/maregger/hailclass/convective_wind/full_composite_npz/20221026062000_conv_wind_composite_data.npz'
Error processing 2022-10-26 06:25:00+00:00: [Errno 13] Permission denied: '/scratch/mch/maregger/hailclass/convective_wind/full_composite_npz/20221026062500_conv_wind_composite_data.npz'
Error processing 2022-10-26 06:30:00+00:00: [Errno 13] Permission denied: '/scratch/mch/maregger/hailclass/convective_wind/full_composite_npz/20221026063000_conv_wind_composite_data.npz'
Error processing 2023-05-01 05:25:00+00:00: [Errno 13] Permission denied: '/scratch/mch/maregger/hailclass/convective_wind/full_composite_npz/20230501052500_conv_wind_composite_data.npz'
Error processing 2023-05-01 05:30:00+00:00: [Errno 13] Permission denied: '/scratch/mch/maregger/hailclass/convective_wind/full_composite_npz/20230501053000_conv_wind_composite_data.npz'
Error processing 2023-05-01 05:35:00+00:00: [Errno 13] Permission denied: '/scratch/mch/maregger/hailclass/convective_wind/full_composite_npz/20230501053500_conv_wind_composite_data.npz'
Error processing 2023-05-01 05:40:00+00:00: [Errno 13] Permission denied: '/scratch/mch/maregger/hailclass/convective_wind/full_composite_npz/20230501054000_conv_wind_composite_data.npz'
Error processing 2023-05-01 05:45:00+00:00: [Errno 13] Permission denied: '/scratch/mch/maregger/hailclass/convective_wind/full_composite_npz/20230501054500_conv_wind_composite_data.npz'
Error processing 2023-05-01 05:50:00+00:00: [Errno 13] Permission denied: '/scratch/mch/maregger/hailclass/convective_wind/full_composite_npz/20230501055000_conv_wind_composite_data.npz'
Error processing 2023-05-13 16:15:00+00:00: [Errno 13] Permission denied: '/scratch/mch/maregger/hailclass/convective_wind/full_composite_npz/20230513161500_conv_wind_composite_data.npz'
Error processing 2023-05-13 16:20:00+00:00: [Errno 13] Permission denied: '/scratch/mch/maregger/hailclass/convective_wind/full_composite_npz/20230513162000_conv_wind_composite_data.npz'
Error processing 2023-05-13 16:25:00+00:00: [Errno 13] Permission denied: '/scratch/mch/maregger/hailclass/convective_wind/full_composite_npz/20230513162500_conv_wind_composite_data.npz'
Error processing 2023-05-13 16:30:00+00:00: [Errno 13] Permission denied: '/scratch/mch/maregger/hailclass/convective_wind/full_composite_npz/20230513163000_conv_wind_composite_data.npz'
Error processing 2023-05-13 16:35:00+00:00: [Errno 13] Permission denied: '/scratch/mch/maregger/hailclass/convective_wind/full_composite_npz/20230513163500_conv_wind_composite_data.npz'
Error processing 2023-05-13 16:40:00+00:00: [Errno 13] Permission denied: '/scratch/mch/maregger/hailclass/convective_wind/full_composite_npz/20230513164000_conv_wind_composite_data.npz'
Error processing 2023-05-13 16:45:00+00:00: [Errno 13] Permission denied: '/scratch/mch/maregger/hailclass/convective_wind/full_composite_npz/20230513164500_conv_wind_composite_data.npz'
Error processing 2023-05-13 16:50:00+00:00: [Errno 13] Permission denied: '/scratch/mch/maregger/hailclass/convective_wind/full_composite_npz/20230513165000_conv_wind_composite_data.npz'
Error processing 2023-05-13 16:55:00+00:00: [Errno 13] Permission denied: '/scratch/mch/maregger/hailclass/convective_wind/full_composite_npz/20230513165500_conv_wind_composite_data.npz'
Error processing 2023-05-13 17:20:00+00:00: [Errno 13] Permission denied: '/scratch/mch/maregger/hailclass/convective_wind/full_composite_npz/20230513172000_conv_wind_composite_data.npz'
Error processing 2023-05-13 17:25:00+00:00: [Errno 13] Permission denied: '/scratch/mch/maregger/hailclass/convective_wind/full_composite_npz/20230513172500_conv_wind_composite_data.npz'
Error processing 2023-05-13 17:30:00+00:00: [Errno 13] Permission denied: '/scratch/mch/maregger/hailclass/convective_wind/full_composite_npz/20230513173000_conv_wind_composite_data.npz'
Error processing 2023-05-13 17:35:00+00:00: [Errno 13] Permission denied: '/scratch/mch/maregger/hailclass/convective_wind/full_composite_npz/20230513173500_conv_wind_composite_data.npz'
Error processing 2023-05-13 17:40:00+00:00: [Errno 13] Permission denied: '/scratch/mch/maregger/hailclass/convective_wind/full_composite_npz/20230513174000_conv_wind_composite_data.npz'
Error processing 2023-05-13 17:45:00+00:00: [Errno 13] Permission denied: '/scratch/mch/maregger/hailclass/convective_wind/full_composite_npz/20230513174500_conv_wind_composite_data.npz'
Error processing 2023-05-13 17:50:00+00:00: [Errno 13] Permission denied: '/scratch/mch/maregger/hailclass/convective_wind/full_composite_npz/20230513175000_conv_wind_composite_data.npz'
Error processing 2023-05-14 14:45:00+00:00: [Errno 13] Permission denied: '/scratch/mch/maregger/hailclass/convective_wind/full_composite_npz/20230514144500_conv_wind_composite_data.npz'
Error processing 2023-05-14 14:50:00+00:00: [Errno 13] Permission denied: '/scratch/mch/maregger/hailclass/convective_wind/full_composite_npz/20230514145000_conv_wind_composite_data.npz'
Error processing 2023-05-14 14:55:00+00:00: [Errno 13] Permission denied: '/scratch/mch/maregger/hailclass/convective_wind/full_composite_npz/20230514145500_conv_wind_composite_data.npz'
Error processing 2023-05-14 15:00:00+00:00: [Errno 13] Permission denied: '/scratch/mch/maregger/hailclass/convective_wind/full_composite_npz/20230514150000_conv_wind_composite_data.npz'
Error processing 2023-05-14 15:05:00+00:00: [Errno 13] Permission denied: '/scratch/mch/maregger/hailclass/convective_wind/full_composite_npz/20230514150500_conv_wind_composite_data.npz'
Error processing 2023-05-14 15:10:00+00:00: [Errno 13] Permission denied: '/scratch/mch/maregger/hailclass/convective_wind/full_composite_npz/20230514151000_conv_wind_composite_data.npz'
Error processing 2023-05-14 15:15:00+00:00: [Errno 13] Permission denied: '/scratch/mch/maregger/hailclass/convective_wind/full_composite_npz/20230514151500_conv_wind_composite_data.npz'
Error processing 2023-05-14 15:20:00+00:00: [Errno 13] Permission denied: '/scratch/mch/maregger/hailclass/convective_wind/full_composite_npz/20230514152000_conv_wind_composite_data.npz'
Error processing 2023-05-14 15:25:00+00:00: [Errno 13] Permission denied: '/scratch/mch/maregger/hailclass/convective_wind/full_composite_npz/20230514152500_conv_wind_composite_data.npz'
Error processing 2023-05-14 15:30:00+00:00: [Errno 13] Permission denied: '/scratch/mch/maregger/hailclass/convective_wind/full_composite_npz/20230514153000_conv_wind_composite_data.npz'
Error processing 2023-05-14 15:45:00+00:00: [Errno 13] Permission denied: '/scratch/mch/maregger/hailclass/convective_wind/full_composite_npz/20230514154500_conv_wind_composite_data.npz'
Error processing 2023-05-14 15:50:00+00:00: [Errno 13] Permission denied: '/scratch/mch/maregger/hailclass/convective_wind/full_composite_npz/20230514155000_conv_wind_composite_data.npz'
Error processing 2023-05-14 15:55:00+00:00: [Errno 13] Permission denied: '/scratch/mch/maregger/hailclass/convective_wind/full_composite_npz/20230514155500_conv_wind_composite_data.npz'
Error processing 2023-05-14 16:00:00+00:00: [Errno 13] Permission denied: '/scratch/mch/maregger/hailclass/convective_wind/full_composite_npz/20230514160000_conv_wind_composite_data.npz'
Error processing 2023-05-14 16:05:00+00:00: [Errno 13] Permission denied: '/scratch/mch/maregger/hailclass/convective_wind/full_composite_npz/20230514160500_conv_wind_composite_data.npz'
Error processing 2023-05-14 16:15:00+00:00: [Errno 13] Permission denied: '/scratch/mch/maregger/hailclass/convective_wind/full_composite_npz/20230514161500_conv_wind_composite_data.npz'
Error processing 2023-05-14 16:20:00+00:00: [Errno 13] Permission denied: '/scratch/mch/maregger/hailclass/convective_wind/full_composite_npz/20230514162000_conv_wind_composite_data.npz'
Error processing 2023-05-14 16:25:00+00:00: [Errno 13] Permission denied: '/scratch/mch/maregger/hailclass/convective_wind/full_composite_npz/20230514162500_conv_wind_composite_data.npz'
Error processing 2023-05-14 16:30:00+00:00: [Errno 13] Permission denied: '/scratch/mch/maregger/hailclass/convective_wind/full_composite_npz/20230514163000_conv_wind_composite_data.npz'
Error processing 2023-05-14 16:35:00+00:00: [Errno 13] Permission denied: '/scratch/mch/maregger/hailclass/convective_wind/full_composite_npz/20230514163500_conv_wind_composite_data.npz'
Error processing 2023-05-14 16:50:00+00:00: [Errno 13] Permission denied: '/scratch/mch/maregger/hailclass/convective_wind/full_composite_npz/20230514165000_conv_wind_composite_data.npz'
Error processing 2023-05-14 16:55:00+00:00: [Errno 13] Permission denied: '/scratch/mch/maregger/hailclass/convective_wind/full_composite_npz/20230514165500_conv_wind_composite_data.npz'
Error processing 2023-05-14 17:00:00+00:00: [Errno 13] Permission denied: '/scratch/mch/maregger/hailclass/convective_wind/full_composite_npz/20230514170000_conv_wind_composite_data.npz'
Error processing 2023-05-14 17:05:00+00:00: [Errno 13] Permission denied: '/scratch/mch/maregger/hailclass/convective_wind/full_composite_npz/20230514170500_conv_wind_composite_data.npz'
Error processing 2023-05-14 17:10:00+00:00: [Errno 13] Permission denied: '/scratch/mch/maregger/hailclass/convective_wind/full_composite_npz/20230514171000_conv_wind_composite_data.npz'
Error processing 2023-05-14 17:15:00+00:00: [Errno 13] Permission denied: '/scratch/mch/maregger/hailclass/convective_wind/full_composite_npz/20230514171500_conv_wind_composite_data.npz'
Error processing 2023-05-14 17:20:00+00:00: [Errno 13] Permission denied: '/scratch/mch/maregger/hailclass/convective_wind/full_composite_npz/20230514172000_conv_wind_composite_data.npz'
Error processing 2023-05-14 17:25:00+00:00: [Errno 13] Permission denied: '/scratch/mch/maregger/hailclass/convective_wind/full_composite_npz/20230514172500_conv_wind_composite_data.npz'
Error processing 2023-05-14 17:30:00+00:00: [Errno 13] Permission denied: '/scratch/mch/maregger/hailclass/convective_wind/full_composite_npz/20230514173000_conv_wind_composite_data.npz'
Error processing 2023-05-14 17:35:00+00:00: [Errno 13] Permission denied: '/scratch/mch/maregger/hailclass/convective_wind/full_composite_npz/20230514173500_conv_wind_composite_data.npz'
Error processing 2023-05-14 17:40:00+00:00: [Errno 13] Permission denied: '/scratch/mch/maregger/hailclass/convective_wind/full_composite_npz/20230514174000_conv_wind_composite_data.npz'
Error processing 2023-05-14 19:05:00+00:00: [Errno 13] Permission denied: '/scratch/mch/maregger/hailclass/convective_wind/full_composite_npz/20230514190500_conv_wind_composite_data.npz'
Error processing 2023-05-14 19:10:00+00:00: [Errno 13] Permission denied: '/scratch/mch/maregger/hailclass/convective_wind/full_composite_npz/20230514191000_conv_wind_composite_data.npz'
Error processing 2023-05-14 19:15:00+00:00: [Errno 13] Permission denied: '/scratch/mch/maregger/hailclass/convective_wind/full_composite_npz/20230514191500_conv_wind_composite_data.npz'
Error processing 2023-05-14 19:20:00+00:00: [Errno 13] Permission denied: '/scratch/mch/maregger/hailclass/convective_wind/full_composite_npz/20230514192000_conv_wind_composite_data.npz'
Error processing 2023-05-14 19:25:00+00:00: [Errno 13] Permission denied: '/scratch/mch/maregger/hailclass/convective_wind/full_composite_npz/20230514192500_conv_wind_composite_data.npz'
Error processing 2023-05-14 19:30:00+00:00: [Errno 13] Permission denied: '/scratch/mch/maregger/hailclass/convective_wind/full_composite_npz/20230514193000_conv_wind_composite_data.npz'
Error processing 2023-05-14 19:35:00+00:00: [Errno 13] Permission denied: '/scratch/mch/maregger/hailclass/convective_wind/full_composite_npz/20230514193500_conv_wind_composite_data.npz'
Error processing 2023-07-15 17:25:00+00:00: [Errno 13] Permission denied: '/scratch/mch/maregger/hailclass/convective_wind/full_composite_npz/20230715172500_conv_wind_composite_data.npz'
Error processing 2023-07-15 17:30:00+00:00: [Errno 13] Permission denied: '/scratch/mch/maregger/hailclass/convective_wind/full_composite_npz/20230715173000_conv_wind_composite_data.npz'
Error processing 2023-07-15 17:35:00+00:00: [Errno 13] Permission denied: '/scratch/mch/maregger/hailclass/convective_wind/full_composite_npz/20230715173500_conv_wind_composite_data.npz'
Error processing 2023-07-15 17:40:00+00:00: [Errno 13] Permission denied: '/scratch/mch/maregger/hailclass/convective_wind/full_composite_npz/20230715174000_conv_wind_composite_data.npz'
Error processing 2023-07-15 17:45:00+00:00: [Errno 13] Permission denied: '/scratch/mch/maregger/hailclass/convective_wind/full_composite_npz/20230715174500_conv_wind_composite_data.npz'
Error processing 2023-07-15 17:50:00+00:00: [Errno 13] Permission denied: '/scratch/mch/maregger/hailclass/convective_wind/full_composite_npz/20230715175000_conv_wind_composite_data.npz'
Error processing 2023-07-15 17:55:00+00:00: [Errno 13] Permission denied: '/scratch/mch/maregger/hailclass/convective_wind/full_composite_npz/20230715175500_conv_wind_composite_data.npz'
Error processing 2023-07-15 18:00:00+00:00: [Errno 13] Permission denied: '/scratch/mch/maregger/hailclass/convective_wind/full_composite_npz/20230715180000_conv_wind_composite_data.npz'
Error processing 2023-07-15 18:10:00+00:00: [Errno 13] Permission denied: '/scratch/mch/maregger/hailclass/convective_wind/full_composite_npz/20230715181000_conv_wind_composite_data.npz'
Error processing 2023-07-15 18:15:00+00:00: [Errno 13] Permission denied: '/scratch/mch/maregger/hailclass/convective_wind/full_composite_npz/20230715181500_conv_wind_composite_data.npz'
Error processing 2023-07-15 18:20:00+00:00: [Errno 13] Permission denied: '/scratch/mch/maregger/hailclass/convective_wind/full_composite_npz/20230715182000_conv_wind_composite_data.npz'
Error processing 2023-07-15 18:25:00+00:00: [Errno 13] Permission denied: '/scratch/mch/maregger/hailclass/convective_wind/full_composite_npz/20230715182500_conv_wind_composite_data.npz'
Error processing 2023-07-15 18:30:00+00:00: [Errno 13] Permission denied: '/scratch/mch/maregger/hailclass/convective_wind/full_composite_npz/20230715183000_conv_wind_composite_data.npz'
Error processing 2023-07-15 18:35:00+00:00: [Errno 13] Permission denied: '/scratch/mch/maregger/hailclass/convective_wind/full_composite_npz/20230715183500_conv_wind_composite_data.npz'
Error processing 2023-07-15 18:40:00+00:00: [Errno 13] Permission denied: '/scratch/mch/maregger/hailclass/convective_wind/full_composite_npz/20230715184000_conv_wind_composite_data.npz'
Error processing 2023-07-15 18:45:00+00:00: [Errno 13] Permission denied: '/scratch/mch/maregger/hailclass/convective_wind/full_composite_npz/20230715184500_conv_wind_composite_data.npz'
Error processing 2023-07-15 18:50:00+00:00: [Errno 13] Permission denied: '/scratch/mch/maregger/hailclass/convective_wind/full_composite_npz/20230715185000_conv_wind_composite_data.npz'
Error processing 2023-07-15 18:55:00+00:00: [Errno 13] Permission denied: '/scratch/mch/maregger/hailclass/convective_wind/full_composite_npz/20230715185500_conv_wind_composite_data.npz'
Error processing 2023-07-15 19:00:00+00:00: [Errno 13] Permission denied: '/scratch/mch/maregger/hailclass/convective_wind/full_composite_npz/20230715190000_conv_wind_composite_data.npz'
Error processing 2023-07-15 19:05:00+00:00: [Errno 13] Permission denied: '/scratch/mch/maregger/hailclass/convective_wind/full_composite_npz/20230715190500_conv_wind_composite_data.npz'
Error processing 2023-07-15 19:10:00+00:00: [Errno 13] Permission denied: '/scratch/mch/maregger/hailclass/convective_wind/full_composite_npz/20230715191000_conv_wind_composite_data.npz'
Error processing 2023-07-15 19:15:00+00:00: [Errno 13] Permission denied: '/scratch/mch/maregger/hailclass/convective_wind/full_composite_npz/20230715191500_conv_wind_composite_data.npz'
Error processing 2023-07-24 02:50:00+00:00: [Errno 13] Permission denied: '/scratch/mch/maregger/hailclass/convective_wind/full_composite_npz/20230724025000_conv_wind_composite_data.npz'
Error processing 2023-07-24 02:55:00+00:00: [Errno 13] Permission denied: '/scratch/mch/maregger/hailclass/convective_wind/full_composite_npz/20230724025500_conv_wind_composite_data.npz'
Error processing 2023-07-24 03:00:00+00:00: [Errno 13] Permission denied: '/scratch/mch/maregger/hailclass/convective_wind/full_composite_npz/20230724030000_conv_wind_composite_data.npz'
Error processing 2023-07-24 03:05:00+00:00: [Errno 13] Permission denied: '/scratch/mch/maregger/hailclass/convective_wind/full_composite_npz/20230724030500_conv_wind_composite_data.npz'
Error processing 2023-07-24 03:10:00+00:00: [Errno 13] Permission denied: '/scratch/mch/maregger/hailclass/convective_wind/full_composite_npz/20230724031000_conv_wind_composite_data.npz'
Error processing 2023-07-24 03:15:00+00:00: [Errno 13] Permission denied: '/scratch/mch/maregger/hailclass/convective_wind/full_composite_npz/20230724031500_conv_wind_composite_data.npz'
Error processing 2023-07-24 03:20:00+00:00: [Errno 13] Permission denied: '/scratch/mch/maregger/hailclass/convective_wind/full_composite_npz/20230724032000_conv_wind_composite_data.npz'
Error processing 2023-07-24 03:25:00+00:00: [Errno 13] Permission denied: '/scratch/mch/maregger/hailclass/convective_wind/full_composite_npz/20230724032500_conv_wind_composite_data.npz'
Error processing 2023-07-24 03:30:00+00:00: [Errno 13] Permission denied: '/scratch/mch/maregger/hailclass/convective_wind/full_composite_npz/20230724033000_conv_wind_composite_data.npz'
Error processing 2023-07-24 03:35:00+00:00: [Errno 13] Permission denied: '/scratch/mch/maregger/hailclass/convective_wind/full_composite_npz/20230724033500_conv_wind_composite_data.npz'
Error processing 2023-07-28 14:50:00+00:00: [Errno 13] Permission denied: '/scratch/mch/maregger/hailclass/convective_wind/full_composite_npz/20230728145000_conv_wind_composite_data.npz'
Error processing 2023-07-28 14:55:00+00:00: [Errno 13] Permission denied: '/scratch/mch/maregger/hailclass/convective_wind/full_composite_npz/20230728145500_conv_wind_composite_data.npz'
Error processing 2023-07-28 15:00:00+00:00: [Errno 13] Permission denied: '/scratch/mch/maregger/hailclass/convective_wind/full_composite_npz/20230728150000_conv_wind_composite_data.npz'
Error processing 2023-07-28 15:05:00+00:00: [Errno 13] Permission denied: '/scratch/mch/maregger/hailclass/convective_wind/full_composite_npz/20230728150500_conv_wind_composite_data.npz'
Error processing 2023-07-28 15:10:00+00:00: [Errno 13] Permission denied: '/scratch/mch/maregger/hailclass/convective_wind/full_composite_npz/20230728151000_conv_wind_composite_data.npz'
Error processing 2023-07-28 15:15:00+00:00: [Errno 13] Permission denied: '/scratch/mch/maregger/hailclass/convective_wind/full_composite_npz/20230728151500_conv_wind_composite_data.npz'
Error processing 2023-07-28 15:20:00+00:00: [Errno 13] Permission denied: '/scratch/mch/maregger/hailclass/convective_wind/full_composite_npz/20230728152000_conv_wind_composite_data.npz'
Error processing 2023-07-28 15:25:00+00:00: [Errno 13] Permission denied: '/scratch/mch/maregger/hailclass/convective_wind/full_composite_npz/20230728152500_conv_wind_composite_data.npz'
Error processing 2023-07-28 15:30:00+00:00: [Errno 13] Permission denied: '/scratch/mch/maregger/hailclass/convective_wind/full_composite_npz/20230728153000_conv_wind_composite_data.npz'
Error processing 2023-07-28 15:35:00+00:00: [Errno 13] Permission denied: '/scratch/mch/maregger/hailclass/convective_wind/full_composite_npz/20230728153500_conv_wind_composite_data.npz'
Error processing 2023-07-28 15:40:00+00:00: [Errno 13] Permission denied: '/scratch/mch/maregger/hailclass/convective_wind/full_composite_npz/20230728154000_conv_wind_composite_data.npz'
Error processing 2023-07-28 15:45:00+00:00: [Errno 13] Permission denied: '/scratch/mch/maregger/hailclass/convective_wind/full_composite_npz/20230728154500_conv_wind_composite_data.npz'
Error processing 2023-07-28 15:50:00+00:00: [Errno 13] Permission denied: '/scratch/mch/maregger/hailclass/convective_wind/full_composite_npz/20230728155000_conv_wind_composite_data.npz'
Error processing 2023-07-28 15:55:00+00:00: [Errno 13] Permission denied: '/scratch/mch/maregger/hailclass/convective_wind/full_composite_npz/20230728155500_conv_wind_composite_data.npz'
Error processing 2023-07-28 16:00:00+00:00: [Errno 13] Permission denied: '/scratch/mch/maregger/hailclass/convective_wind/full_composite_npz/20230728160000_conv_wind_composite_data.npz'
Error processing 2023-07-28 16:05:00+00:00: [Errno 13] Permission denied: '/scratch/mch/maregger/hailclass/convective_wind/full_composite_npz/20230728160500_conv_wind_composite_data.npz'
Error processing 2023-07-28 16:10:00+00:00: [Errno 13] Permission denied: '/scratch/mch/maregger/hailclass/convective_wind/full_composite_npz/20230728161000_conv_wind_composite_data.npz'
Error processing 2023-07-28 16:15:00+00:00: [Errno 13] Permission denied: '/scratch/mch/maregger/hailclass/convective_wind/full_composite_npz/20230728161500_conv_wind_composite_data.npz'
Error processing 2023-07-28 16:20:00+00:00: [Errno 13] Permission denied: '/scratch/mch/maregger/hailclass/convective_wind/full_composite_npz/20230728162000_conv_wind_composite_data.npz'
Error processing 2023-07-28 16:25:00+00:00: [Errno 13] Permission denied: '/scratch/mch/maregger/hailclass/convective_wind/full_composite_npz/20230728162500_conv_wind_composite_data.npz'
Error processing 2023-07-28 16:30:00+00:00: [Errno 13] Permission denied: '/scratch/mch/maregger/hailclass/convective_wind/full_composite_npz/20230728163000_conv_wind_composite_data.npz'
Error processing 2023-07-28 16:35:00+00:00: [Errno 13] Permission denied: '/scratch/mch/maregger/hailclass/convective_wind/full_composite_npz/20230728163500_conv_wind_composite_data.npz'
Error processing 2023-07-29 08:20:00+00:00: [Errno 13] Permission denied: '/scratch/mch/maregger/hailclass/convective_wind/full_composite_npz/20230729082000_conv_wind_composite_data.npz'
Error processing 2023-07-29 08:25:00+00:00: [Errno 13] Permission denied: '/scratch/mch/maregger/hailclass/convective_wind/full_composite_npz/20230729082500_conv_wind_composite_data.npz'
Error processing 2023-07-29 08:30:00+00:00: [Errno 13] Permission denied: '/scratch/mch/maregger/hailclass/convective_wind/full_composite_npz/20230729083000_conv_wind_composite_data.npz'
Error processing 2023-07-29 08:35:00+00:00: [Errno 13] Permission denied: '/scratch/mch/maregger/hailclass/convective_wind/full_composite_npz/20230729083500_conv_wind_composite_data.npz'
Error processing 2023-07-29 08:40:00+00:00: [Errno 13] Permission denied: '/scratch/mch/maregger/hailclass/convective_wind/full_composite_npz/20230729084000_conv_wind_composite_data.npz'
Error processing 2023-07-29 08:45:00+00:00: [Errno 13] Permission denied: '/scratch/mch/maregger/hailclass/convective_wind/full_composite_npz/20230729084500_conv_wind_composite_data.npz'
Error processing 2023-07-29 08:50:00+00:00: [Errno 13] Permission denied: '/scratch/mch/maregger/hailclass/convective_wind/full_composite_npz/20230729085000_conv_wind_composite_data.npz'
Error processing 2023-07-29 08:55:00+00:00: [Errno 13] Permission denied: '/scratch/mch/maregger/hailclass/convective_wind/full_composite_npz/20230729085500_conv_wind_composite_data.npz'
Error processing 2023-07-29 09:55:00+00:00: [Errno 13] Permission denied: '/scratch/mch/maregger/hailclass/convective_wind/full_composite_npz/20230729095500_conv_wind_composite_data.npz'
Error processing 2023-07-29 10:00:00+00:00: [Errno 13] Permission denied: '/scratch/mch/maregger/hailclass/convective_wind/full_composite_npz/20230729100000_conv_wind_composite_data.npz'
Error processing 2023-07-29 10:05:00+00:00: [Errno 13] Permission denied: '/scratch/mch/maregger/hailclass/convective_wind/full_composite_npz/20230729100500_conv_wind_composite_data.npz'
Error processing 2023-07-29 11:10:00+00:00: [Errno 13] Permission denied: '/scratch/mch/maregger/hailclass/convective_wind/full_composite_npz/20230729111000_conv_wind_composite_data.npz'
Error processing 2023-07-29 11:15:00+00:00: [Errno 13] Permission denied: '/scratch/mch/maregger/hailclass/convective_wind/full_composite_npz/20230729111500_conv_wind_composite_data.npz'
Error processing 2023-07-29 11:20:00+00:00: [Errno 13] Permission denied: '/scratch/mch/maregger/hailclass/convective_wind/full_composite_npz/20230729112000_conv_wind_composite_data.npz'
Error processing 2023-07-29 11:25:00+00:00: [Errno 13] Permission denied: '/scratch/mch/maregger/hailclass/convective_wind/full_composite_npz/20230729112500_conv_wind_composite_data.npz'
Error processing 2023-07-29 11:30:00+00:00: [Errno 13] Permission denied: '/scratch/mch/maregger/hailclass/convective_wind/full_composite_npz/20230729113000_conv_wind_composite_data.npz'
Error processing 2023-07-29 11:35:00+00:00: [Errno 13] Permission denied: '/scratch/mch/maregger/hailclass/convective_wind/full_composite_npz/20230729113500_conv_wind_composite_data.npz'
Error processing 2023-07-29 11:40:00+00:00: [Errno 13] Permission denied: '/scratch/mch/maregger/hailclass/convective_wind/full_composite_npz/20230729114000_conv_wind_composite_data.npz'
Error processing 2023-07-29 11:45:00+00:00: [Errno 13] Permission denied: '/scratch/mch/maregger/hailclass/convective_wind/full_composite_npz/20230729114500_conv_wind_composite_data.npz'
Error processing 2023-07-29 11:50:00+00:00: [Errno 13] Permission denied: '/scratch/mch/maregger/hailclass/convective_wind/full_composite_npz/20230729115000_conv_wind_composite_data.npz'
Error processing 2023-07-29 11:55:00+00:00: [Errno 13] Permission denied: '/scratch/mch/maregger/hailclass/convective_wind/full_composite_npz/20230729115500_conv_wind_composite_data.npz'
Error processing 2023-07-29 12:25:00+00:00: [Errno 13] Permission denied: '/scratch/mch/maregger/hailclass/convective_wind/full_composite_npz/20230729122500_conv_wind_composite_data.npz'
Error processing 2023-07-29 12:30:00+00:00: [Errno 13] Permission denied: '/scratch/mch/maregger/hailclass/convective_wind/full_composite_npz/20230729123000_conv_wind_composite_data.npz'
Error processing 2023-07-29 12:35:00+00:00: [Errno 13] Permission denied: '/scratch/mch/maregger/hailclass/convective_wind/full_composite_npz/20230729123500_conv_wind_composite_data.npz'
Error processing 2023-07-29 12:40:00+00:00: [Errno 13] Permission denied: '/scratch/mch/maregger/hailclass/convective_wind/full_composite_npz/20230729124000_conv_wind_composite_data.npz'
Error processing 2023-07-29 12:45:00+00:00: [Errno 13] Permission denied: '/scratch/mch/maregger/hailclass/convective_wind/full_composite_npz/20230729124500_conv_wind_composite_data.npz'
Error processing 2023-07-29 12:50:00+00:00: [Errno 13] Permission denied: '/scratch/mch/maregger/hailclass/convective_wind/full_composite_npz/20230729125000_conv_wind_composite_data.npz'
Error processing 2023-07-29 12:55:00+00:00: [Errno 13] Permission denied: '/scratch/mch/maregger/hailclass/convective_wind/full_composite_npz/20230729125500_conv_wind_composite_data.npz'
Error processing 2023-07-29 13:00:00+00:00: [Errno 13] Permission denied: '/scratch/mch/maregger/hailclass/convective_wind/full_composite_npz/20230729130000_conv_wind_composite_data.npz'
Error processing 2023-07-29 13:05:00+00:00: [Errno 13] Permission denied: '/scratch/mch/maregger/hailclass/convective_wind/full_composite_npz/20230729130500_conv_wind_composite_data.npz'
Error processing 2023-07-29 13:10:00+00:00: [Errno 13] Permission denied: '/scratch/mch/maregger/hailclass/convective_wind/full_composite_npz/20230729131000_conv_wind_composite_data.npz'
Error processing 2023-07-29 13:15:00+00:00: [Errno 13] Permission denied: '/scratch/mch/maregger/hailclass/convective_wind/full_composite_npz/20230729131500_conv_wind_composite_data.npz'
Error processing 2023-07-29 13:20:00+00:00: [Errno 13] Permission denied: '/scratch/mch/maregger/hailclass/convective_wind/full_composite_npz/20230729132000_conv_wind_composite_data.npz'
Error processing 2023-07-29 13:25:00+00:00: [Errno 13] Permission denied: '/scratch/mch/maregger/hailclass/convective_wind/full_composite_npz/20230729132500_conv_wind_composite_data.npz'
Error processing 2023-07-29 13:30:00+00:00: [Errno 13] Permission denied: '/scratch/mch/maregger/hailclass/convective_wind/full_composite_npz/20230729133000_conv_wind_composite_data.npz'
Error processing 2023-07-29 13:35:00+00:00: [Errno 13] Permission denied: '/scratch/mch/maregger/hailclass/convective_wind/full_composite_npz/20230729133500_conv_wind_composite_data.npz'
Error processing 2023-07-29 13:40:00+00:00: [Errno 13] Permission denied: '/scratch/mch/maregger/hailclass/convective_wind/full_composite_npz/20230729134000_conv_wind_composite_data.npz'
Error processing 2023-07-29 14:00:00+00:00: [Errno 13] Permission denied: '/scratch/mch/maregger/hailclass/convective_wind/full_composite_npz/20230729140000_conv_wind_composite_data.npz'
Error processing 2023-07-29 14:05:00+00:00: [Errno 13] Permission denied: '/scratch/mch/maregger/hailclass/convective_wind/full_composite_npz/20230729140500_conv_wind_composite_data.npz'
Error processing 2023-07-29 14:10:00+00:00: [Errno 13] Permission denied: '/scratch/mch/maregger/hailclass/convective_wind/full_composite_npz/20230729141000_conv_wind_composite_data.npz'
Error processing 2023-07-29 14:15:00+00:00: [Errno 13] Permission denied: '/scratch/mch/maregger/hailclass/convective_wind/full_composite_npz/20230729141500_conv_wind_composite_data.npz'
Error processing 2023-07-29 14:20:00+00:00: [Errno 13] Permission denied: '/scratch/mch/maregger/hailclass/convective_wind/full_composite_npz/20230729142000_conv_wind_composite_data.npz'
Error processing 2023-07-29 14:25:00+00:00: [Errno 13] Permission denied: '/scratch/mch/maregger/hailclass/convective_wind/full_composite_npz/20230729142500_conv_wind_composite_data.npz'
⚠️ NPZ file not found: /scratch/mch/maregger/hailclass/convective_wind/full_composite_npz/20230801144000_conv_wind_composite_data.npz
Error processing 2023-08-07 08:20:00+00:00: [Errno 13] Permission denied: '/scratch/mch/maregger/hailclass/convective_wind/full_composite_npz/20230807082000_conv_wind_composite_data.npz'
Error processing 2023-08-28 15:40:00+00:00: [Errno 13] Permission denied: '/scratch/mch/maregger/hailclass/convective_wind/full_composite_npz/20230828154000_conv_wind_composite_data.npz'
Error processing 2023-08-28 15:50:00+00:00: [Errno 13] Permission denied: '/scratch/mch/maregger/hailclass/convective_wind/full_composite_npz/20230828155000_conv_wind_composite_data.npz'
Error processing 2023-08-28 15:55:00+00:00: [Errno 13] Permission denied: '/scratch/mch/maregger/hailclass/convective_wind/full_composite_npz/20230828155500_conv_wind_composite_data.npz'
Error processing 2023-08-28 16:00:00+00:00: [Errno 13] Permission denied: '/scratch/mch/maregger/hailclass/convective_wind/full_composite_npz/20230828160000_conv_wind_composite_data.npz'
Error processing 2023-08-29 13:00:00+00:00: [Errno 13] Permission denied: '/scratch/mch/maregger/hailclass/convective_wind/full_composite_npz/20230829130000_conv_wind_composite_data.npz'
Error processing 2023-08-29 13:05:00+00:00: [Errno 13] Permission denied: '/scratch/mch/maregger/hailclass/convective_wind/full_composite_npz/20230829130500_conv_wind_composite_data.npz'
Error processing 2023-08-29 13:10:00+00:00: [Errno 13] Permission denied: '/scratch/mch/maregger/hailclass/convective_wind/full_composite_npz/20230829131000_conv_wind_composite_data.npz'
Error processing 2023-08-29 13:15:00+00:00: [Errno 13] Permission denied: '/scratch/mch/maregger/hailclass/convective_wind/full_composite_npz/20230829131500_conv_wind_composite_data.npz'
Error processing 2023-08-29 13:20:00+00:00: [Errno 13] Permission denied: '/scratch/mch/maregger/hailclass/convective_wind/full_composite_npz/20230829132000_conv_wind_composite_data.npz'
Error processing 2023-08-29 13:25:00+00:00: [Errno 13] Permission denied: '/scratch/mch/maregger/hailclass/convective_wind/full_composite_npz/20230829132500_conv_wind_composite_data.npz'
Error processing 2023-08-29 13:30:00+00:00: [Errno 13] Permission denied: '/scratch/mch/maregger/hailclass/convective_wind/full_composite_npz/20230829133000_conv_wind_composite_data.npz'
Error processing 2023-08-29 13:35:00+00:00: [Errno 13] Permission denied: '/scratch/mch/maregger/hailclass/convective_wind/full_composite_npz/20230829133500_conv_wind_composite_data.npz'
Error processing 2023-09-21 19:05:00+00:00: [Errno 13] Permission denied: '/scratch/mch/maregger/hailclass/convective_wind/full_composite_npz/20230921190500_conv_wind_composite_data.npz'
Error processing 2023-09-21 19:10:00+00:00: [Errno 13] Permission denied: '/scratch/mch/maregger/hailclass/convective_wind/full_composite_npz/20230921191000_conv_wind_composite_data.npz'
Error processing 2023-09-21 19:15:00+00:00: [Errno 13] Permission denied: '/scratch/mch/maregger/hailclass/convective_wind/full_composite_npz/20230921191500_conv_wind_composite_data.npz'
Error processing 2023-09-21 19:20:00+00:00: [Errno 13] Permission denied: '/scratch/mch/maregger/hailclass/convective_wind/full_composite_npz/20230921192000_conv_wind_composite_data.npz'
Error processing 2023-09-21 19:25:00+00:00: [Errno 13] Permission denied: '/scratch/mch/maregger/hailclass/convective_wind/full_composite_npz/20230921192500_conv_wind_composite_data.npz'
Error processing 2023-09-21 19:30:00+00:00: [Errno 13] Permission denied: '/scratch/mch/maregger/hailclass/convective_wind/full_composite_npz/20230921193000_conv_wind_composite_data.npz'
Error processing 2023-09-21 19:35:00+00:00: [Errno 13] Permission denied: '/scratch/mch/maregger/hailclass/convective_wind/full_composite_npz/20230921193500_conv_wind_composite_data.npz'
Error processing 2023-09-21 19:40:00+00:00: [Errno 13] Permission denied: '/scratch/mch/maregger/hailclass/convective_wind/full_composite_npz/20230921194000_conv_wind_composite_data.npz'
Error processing 2023-09-21 19:45:00+00:00: [Errno 13] Permission denied: '/scratch/mch/maregger/hailclass/convective_wind/full_composite_npz/20230921194500_conv_wind_composite_data.npz'
Error processing 2023-09-21 19:50:00+00:00: [Errno 13] Permission denied: '/scratch/mch/maregger/hailclass/convective_wind/full_composite_npz/20230921195000_conv_wind_composite_data.npz'
Error processing 2023-10-20 08:05:00+00:00: [Errno 13] Permission denied: '/scratch/mch/maregger/hailclass/convective_wind/full_composite_npz/20231020080500_conv_wind_composite_data.npz'
Error processing 2023-10-20 08:10:00+00:00: [Errno 13] Permission denied: '/scratch/mch/maregger/hailclass/convective_wind/full_composite_npz/20231020081000_conv_wind_composite_data.npz'
Error processing 2023-10-20 08:15:00+00:00: [Errno 13] Permission denied: '/scratch/mch/maregger/hailclass/convective_wind/full_composite_npz/20231020081500_conv_wind_composite_data.npz'
Error processing 2023-10-20 08:20:00+00:00: [Errno 13] Permission denied: '/scratch/mch/maregger/hailclass/convective_wind/full_composite_npz/20231020082000_conv_wind_composite_data.npz'
Error processing 2023-10-20 08:25:00+00:00: [Errno 13] Permission denied: '/scratch/mch/maregger/hailclass/convective_wind/full_composite_npz/20231020082500_conv_wind_composite_data.npz'
Error processing 2023-10-20 08:30:00+00:00: [Errno 13] Permission denied: '/scratch/mch/maregger/hailclass/convective_wind/full_composite_npz/20231020083000_conv_wind_composite_data.npz'
Error processing 2023-10-20 08:35:00+00:00: [Errno 13] Permission denied: '/scratch/mch/maregger/hailclass/convective_wind/full_composite_npz/20231020083500_conv_wind_composite_data.npz'
Error processing 2023-10-20 08:40:00+00:00: [Errno 13] Permission denied: '/scratch/mch/maregger/hailclass/convective_wind/full_composite_npz/20231020084000_conv_wind_composite_data.npz'
Error processing 2023-10-20 08:45:00+00:00: [Errno 13] Permission denied: '/scratch/mch/maregger/hailclass/convective_wind/full_composite_npz/20231020084500_conv_wind_composite_data.npz'
Error processing 2023-10-20 08:50:00+00:00: [Errno 13] Permission denied: '/scratch/mch/maregger/hailclass/convective_wind/full_composite_npz/20231020085000_conv_wind_composite_data.npz'
Error processing 2023-10-20 08:55:00+00:00: [Errno 13] Permission denied: '/scratch/mch/maregger/hailclass/convective_wind/full_composite_npz/20231020085500_conv_wind_composite_data.npz'
Error processing 2023-10-20 09:00:00+00:00: [Errno 13] Permission denied: '/scratch/mch/maregger/hailclass/convective_wind/full_composite_npz/20231020090000_conv_wind_composite_data.npz'
Error processing 2023-10-20 09:05:00+00:00: [Errno 13] Permission denied: '/scratch/mch/maregger/hailclass/convective_wind/full_composite_npz/20231020090500_conv_wind_composite_data.npz'
Error processing 2023-10-20 09:10:00+00:00: [Errno 13] Permission denied: '/scratch/mch/maregger/hailclass/convective_wind/full_composite_npz/20231020091000_conv_wind_composite_data.npz'
Error processing 2023-10-20 09:15:00+00:00: [Errno 13] Permission denied: '/scratch/mch/maregger/hailclass/convective_wind/full_composite_npz/20231020091500_conv_wind_composite_data.npz'
Error processing 2023-10-30 15:40:00+00:00: [Errno 13] Permission denied: '/scratch/mch/maregger/hailclass/convective_wind/full_composite_npz/20231030154000_conv_wind_composite_data.npz'
Error processing 2023-10-30 17:25:00+00:00: [Errno 13] Permission denied: '/scratch/mch/maregger/hailclass/convective_wind/full_composite_npz/20231030172500_conv_wind_composite_data.npz'
Error processing 2023-10-30 17:30:00+00:00: [Errno 13] Permission denied: '/scratch/mch/maregger/hailclass/convective_wind/full_composite_npz/20231030173000_conv_wind_composite_data.npz'
Error processing 2023-10-30 17:35:00+00:00: [Errno 13] Permission denied: '/scratch/mch/maregger/hailclass/convective_wind/full_composite_npz/20231030173500_conv_wind_composite_data.npz'
Error processing 2023-10-30 17:40:00+00:00: [Errno 13] Permission denied: '/scratch/mch/maregger/hailclass/convective_wind/full_composite_npz/20231030174000_conv_wind_composite_data.npz'
Error processing 2023-10-30 17:45:00+00:00: [Errno 13] Permission denied: '/scratch/mch/maregger/hailclass/convective_wind/full_composite_npz/20231030174500_conv_wind_composite_data.npz'
Error processing 2023-10-31 03:15:00+00:00: [Errno 13] Permission denied: '/scratch/mch/maregger/hailclass/convective_wind/full_composite_npz/20231031031500_conv_wind_composite_data.npz'
Error processing 2023-10-31 03:20:00+00:00: [Errno 13] Permission denied: '/scratch/mch/maregger/hailclass/convective_wind/full_composite_npz/20231031032000_conv_wind_composite_data.npz'
Error processing 2023-10-31 03:25:00+00:00: [Errno 13] Permission denied: '/scratch/mch/maregger/hailclass/convective_wind/full_composite_npz/20231031032500_conv_wind_composite_data.npz'
Error processing 2023-10-31 03:30:00+00:00: [Errno 13] Permission denied: '/scratch/mch/maregger/hailclass/convective_wind/full_composite_npz/20231031033000_conv_wind_composite_data.npz'
Error processing 2023-10-31 03:35:00+00:00: [Errno 13] Permission denied: '/scratch/mch/maregger/hailclass/convective_wind/full_composite_npz/20231031033500_conv_wind_composite_data.npz'
Error processing 2023-10-31 03:40:00+00:00: [Errno 13] Permission denied: '/scratch/mch/maregger/hailclass/convective_wind/full_composite_npz/20231031034000_conv_wind_composite_data.npz'
Error processing 2023-10-31 03:45:00+00:00: [Errno 13] Permission denied: '/scratch/mch/maregger/hailclass/convective_wind/full_composite_npz/20231031034500_conv_wind_composite_data.npz'
Error processing 2023-10-31 03:50:00+00:00: [Errno 13] Permission denied: '/scratch/mch/maregger/hailclass/convective_wind/full_composite_npz/20231031035000_conv_wind_composite_data.npz'
Error processing 2023-10-31 03:55:00+00:00: [Errno 13] Permission denied: '/scratch/mch/maregger/hailclass/convective_wind/full_composite_npz/20231031035500_conv_wind_composite_data.npz'
Error processing 2023-10-31 04:00:00+00:00: [Errno 13] Permission denied: '/scratch/mch/maregger/hailclass/convective_wind/full_composite_npz/20231031040000_conv_wind_composite_data.npz'
Error processing 2023-10-31 04:05:00+00:00: [Errno 13] Permission denied: '/scratch/mch/maregger/hailclass/convective_wind/full_composite_npz/20231031040500_conv_wind_composite_data.npz'
Error processing 2023-10-31 04:10:00+00:00: [Errno 13] Permission denied: '/scratch/mch/maregger/hailclass/convective_wind/full_composite_npz/20231031041000_conv_wind_composite_data.npz'
Error processing 2023-10-31 05:35:00+00:00: [Errno 13] Permission denied: '/scratch/mch/maregger/hailclass/convective_wind/full_composite_npz/20231031053500_conv_wind_composite_data.npz'
Error processing 2023-10-31 05:40:00+00:00: [Errno 13] Permission denied: '/scratch/mch/maregger/hailclass/convective_wind/full_composite_npz/20231031054000_conv_wind_composite_data.npz'
Error processing 2023-10-31 05:45:00+00:00: [Errno 13] Permission denied: '/scratch/mch/maregger/hailclass/convective_wind/full_composite_npz/20231031054500_conv_wind_composite_data.npz'
Error processing 2023-10-31 05:50:00+00:00: [Errno 13] Permission denied: '/scratch/mch/maregger/hailclass/convective_wind/full_composite_npz/20231031055000_conv_wind_composite_data.npz'
Error processing 2023-10-31 05:55:00+00:00: [Errno 13] Permission denied: '/scratch/mch/maregger/hailclass/convective_wind/full_composite_npz/20231031055500_conv_wind_composite_data.npz'
Error processing 2023-10-31 06:00:00+00:00: [Errno 13] Permission denied: '/scratch/mch/maregger/hailclass/convective_wind/full_composite_npz/20231031060000_conv_wind_composite_data.npz'
Error processing 2023-10-31 06:05:00+00:00: [Errno 13] Permission denied: '/scratch/mch/maregger/hailclass/convective_wind/full_composite_npz/20231031060500_conv_wind_composite_data.npz'
Error processing 2023-10-31 06:55:00+00:00: [Errno 13] Permission denied: '/scratch/mch/maregger/hailclass/convective_wind/full_composite_npz/20231031065500_conv_wind_composite_data.npz'
Error processing 2023-10-31 07:00:00+00:00: [Errno 13] Permission denied: '/scratch/mch/maregger/hailclass/convective_wind/full_composite_npz/20231031070000_conv_wind_composite_data.npz'
Error processing 2023-10-31 07:05:00+00:00: [Errno 13] Permission denied: '/scratch/mch/maregger/hailclass/convective_wind/full_composite_npz/20231031070500_conv_wind_composite_data.npz'
Error processing 2023-10-31 07:10:00+00:00: [Errno 13] Permission denied: '/scratch/mch/maregger/hailclass/convective_wind/full_composite_npz/20231031071000_conv_wind_composite_data.npz'
Error processing 2023-10-31 07:15:00+00:00: [Errno 13] Permission denied: '/scratch/mch/maregger/hailclass/convective_wind/full_composite_npz/20231031071500_conv_wind_composite_data.npz'
Error processing 2023-10-31 07:20:00+00:00: [Errno 13] Permission denied: '/scratch/mch/maregger/hailclass/convective_wind/full_composite_npz/20231031072000_conv_wind_composite_data.npz'
Error processing 2023-10-31 07:25:00+00:00: [Errno 13] Permission denied: '/scratch/mch/maregger/hailclass/convective_wind/full_composite_npz/20231031072500_conv_wind_composite_data.npz'
Error processing 2023-10-31 07:30:00+00:00: [Errno 13] Permission denied: '/scratch/mch/maregger/hailclass/convective_wind/full_composite_npz/20231031073000_conv_wind_composite_data.npz'
Error processing 2023-10-31 07:35:00+00:00: [Errno 13] Permission denied: '/scratch/mch/maregger/hailclass/convective_wind/full_composite_npz/20231031073500_conv_wind_composite_data.npz'
Error processing 2023-10-31 07:40:00+00:00: [Errno 13] Permission denied: '/scratch/mch/maregger/hailclass/convective_wind/full_composite_npz/20231031074000_conv_wind_composite_data.npz'
Error processing 2023-10-31 07:45:00+00:00: [Errno 13] Permission denied: '/scratch/mch/maregger/hailclass/convective_wind/full_composite_npz/20231031074500_conv_wind_composite_data.npz'
Error processing 2023-10-31 12:30:00+00:00: [Errno 13] Permission denied: '/scratch/mch/maregger/hailclass/convective_wind/full_composite_npz/20231031123000_conv_wind_composite_data.npz'
Error processing 2023-10-31 12:55:00+00:00: [Errno 13] Permission denied: '/scratch/mch/maregger/hailclass/convective_wind/full_composite_npz/20231031125500_conv_wind_composite_data.npz'
Error processing 2023-10-31 13:00:00+00:00: [Errno 13] Permission denied: '/scratch/mch/maregger/hailclass/convective_wind/full_composite_npz/20231031130000_conv_wind_composite_data.npz'
Error processing 2023-10-31 13:05:00+00:00: [Errno 13] Permission denied: '/scratch/mch/maregger/hailclass/convective_wind/full_composite_npz/20231031130500_conv_wind_composite_data.npz'
Error processing 2023-10-31 13:10:00+00:00: [Errno 13] Permission denied: '/scratch/mch/maregger/hailclass/convective_wind/full_composite_npz/20231031131000_conv_wind_composite_data.npz'
Saved final output to /scratch/mch/fackerma/orders/TRT_modelsetup_2/Model_Setup_1.pkl
